mkdir: cannot create directory ‘todo_angularjs’: File exists
Analyzing module /mnt/disk2/liwei/01-code/MissCG/anon/todomvc-master/examples/angularjs/js/app.js (1)
Analyzing module /mnt/disk2/liwei/01-code/MissCG/anon/todomvc-master/examples/angularjs/js/controllers/todoCtrl.js (2)
Analyzing module /mnt/disk2/liwei/01-code/MissCG/anon/todomvc-master/examples/angularjs/js/directives/todoEscape.js (3)
Analyzing module /mnt/disk2/liwei/01-code/MissCG/anon/todomvc-master/examples/angularjs/js/directives/todoFocus.js (4)
Analyzing module /mnt/disk2/liwei/01-code/MissCG/anon/todomvc-master/examples/angularjs/js/services/todoStorage.js (5)
Analyzing module /mnt/disk2/liwei/01-code/MissCG/anon/todomvc-master/examples/angularjs/node_modules/angular/angular.js (6)
Analyzing module /mnt/disk2/liwei/01-code/MissCG/anon/todomvc-master/examples/angularjs/node_modules/angular-resource/angular-resource.js (7)
Analyzing module /mnt/disk2/liwei/01-code/MissCG/anon/todomvc-master/examples/angularjs/node_modules/angular-route/angular-route.js (8)
Analyzing module /mnt/disk2/liwei/01-code/MissCG/anon/todomvc-master/examples/angularjs/node_modules/todomvc-common/base.js (9)
Analyzing module /mnt/disk2/liwei/01-code/MissCG/anon/todomvc-master/examples/angularjs/test/config/karma.conf.js (10)
Analyzing module /mnt/disk2/liwei/01-code/MissCG/anon/todomvc-master/examples/angularjs/test/unit/directivesSpec.js (11)
Analyzing module /mnt/disk2/liwei/01-code/MissCG/anon/todomvc-master/examples/angularjs/test/unit/todoCtrlSpec.js (12)
Analyzing combined modules
Analyzed packages: 1, modules: 12, functions: 1522, code size main: 1100KB, dependencies: 0KB
Call edges function->function: 6405, call->function: 10650
Calls with zero or one callee: 2675/4106 (65.15%), multiple: 385/4106 (9.38%), native or external: 1046/4106 (25.47%)
Functions with zero callers: 609/1522 (40.01%), reachable functions: 492/1522 (32.33%)
Analysis time: 7227ms, memory usage: 571MB (without --gc)
Analysis errors: 0, warnings: 318 (show all with --warnings-unsupported)
Call graph written to /mnt/disk2/liwei/01-code/MissCG/anon/jelly/todo_angularjs/SCG.json
mkdir: cannot create directory ‘todo_backbone’: File exists
Analyzing module /mnt/disk2/liwei/01-code/MissCG/anon/todomvc-master/examples/backbone/js/app.js (1)
Analyzing module /mnt/disk2/liwei/01-code/MissCG/anon/todomvc-master/examples/backbone/js/collections/todos.js (2)
Analyzing module /mnt/disk2/liwei/01-code/MissCG/anon/todomvc-master/examples/backbone/js/models/todo.js (3)
Analyzing module /mnt/disk2/liwei/01-code/MissCG/anon/todomvc-master/examples/backbone/js/routers/router.js (4)
Analyzing module /mnt/disk2/liwei/01-code/MissCG/anon/todomvc-master/examples/backbone/js/views/app-view.js (5)
Analyzing module /mnt/disk2/liwei/01-code/MissCG/anon/todomvc-master/examples/backbone/js/views/todo-view.js (6)
Analyzing module /mnt/disk2/liwei/01-code/MissCG/anon/todomvc-master/examples/backbone/node_modules/backbone/backbone.js (7)
/mnt/disk2/liwei/01-code/jelly/lib/analysis/operations.js:366
        if (module_1.default.isBuiltin(str)) {
                             ^

TypeError: module_1.default.isBuiltin is not a function
    at Operations.requireModule (/mnt/disk2/liwei/01-code/jelly/lib/analysis/operations.js:366:30)
    at Operations.callFunctionBound (/mnt/disk2/liwei/01-code/jelly/lib/analysis/operations.js:156:26)
    at handleCall (/mnt/disk2/liwei/01-code/jelly/lib/analysis/operations.js:81:18)
    at /mnt/disk2/liwei/01-code/jelly/lib/analysis/operations.js:83:115
    at Solver.propagate (/mnt/disk2/liwei/01-code/jelly/lib/analysis/solver.js:676:21)
    at processTicksAndRejections (node:internal/process/task_queues:96:5)
    at async analyzeFiles (/mnt/disk2/liwei/01-code/jelly/lib/analysis/analyzer.js:131:21)
    at async Command.main (/mnt/disk2/liwei/01-code/jelly/lib/main.js:299:13)

Node.js v17.3.0
mkdir: cannot create directory ‘todo_canjs’: File exists
Analyzing module /mnt/disk2/liwei/01-code/MissCG/anon/todomvc-master/examples/canjs/js/app.js (1)
Analyzing module /mnt/disk2/liwei/01-code/MissCG/anon/todomvc-master/examples/canjs/js/components/todo-app.js (2)
Analyzing module /mnt/disk2/liwei/01-code/MissCG/anon/todomvc-master/examples/canjs/js/models/todo.js (3)
Analyzing module /mnt/disk2/liwei/01-code/MissCG/anon/todomvc-master/examples/canjs/node_modules/canjs/can.jquery.js (4)
Analyzing module /mnt/disk2/liwei/01-code/MissCG/anon/todomvc-master/examples/canjs/node_modules/canjs-localstorage/can.localstorage.js (5)
Analyzing module /mnt/disk2/liwei/01-code/MissCG/anon/todomvc-master/examples/canjs/node_modules/jquery/dist/jquery.js (6)
Analyzing module /mnt/disk2/liwei/01-code/MissCG/anon/todomvc-master/examples/canjs/node_modules/todomvc-common/base.js (7)
Analyzing combined modules
Analyzed packages: 1, modules: 7, functions: 1105, code size main: 560KB, dependencies: 0KB
Call edges function->function: 1630, call->function: 2184
Calls with zero or one callee: 1139/3297 (34.55%), multiple: 263/3297 (7.98%), native or external: 1895/3297 (57.48%)
Functions with zero callers: 461/1105 (41.72%), reachable functions: 258/1105 (23.35%)
Analysis time: 2554ms, memory usage: 245MB (without --gc)
Analysis errors: 0, warnings: 330 (show all with --warnings-unsupported)
Call graph written to /mnt/disk2/liwei/01-code/MissCG/anon/jelly/todo_canjs/SCG.json
mkdir: cannot create directory ‘todo_jquery’: File exists
Analyzing module /mnt/disk2/liwei/01-code/MissCG/anon/todomvc-master/examples/jquery/js/app.js (1)
Analyzing module /mnt/disk2/liwei/01-code/MissCG/anon/todomvc-master/examples/jquery/node_modules/director/build/director.js (2)
Analyzing module /mnt/disk2/liwei/01-code/MissCG/anon/todomvc-master/examples/jquery/node_modules/handlebars/dist/handlebars.js (3)
Analyzing module /mnt/disk2/liwei/01-code/MissCG/anon/todomvc-master/examples/jquery/node_modules/jquery/dist/jquery.js (4)
Analyzing module /mnt/disk2/liwei/01-code/MissCG/anon/todomvc-master/examples/jquery/node_modules/todomvc-common/base.js (5)
Analyzing combined modules
Analyzed packages: 1, modules: 5, functions: 869, code size main: 372KB, dependencies: 0KB
Call edges function->function: 1130, call->function: 1550
Calls with zero or one callee: 1011/2651 (38.14%), multiple: 133/2651 (5.02%), native or external: 1507/2651 (56.85%)
Functions with zero callers: 372/869 (42.81%), reachable functions: 208/869 (23.94%)
Analysis time: 2241ms, memory usage: 229MB (without --gc)
Analysis errors: 0, warnings: 248 (show all with --warnings-unsupported)
Call graph written to /mnt/disk2/liwei/01-code/MissCG/anon/jelly/todo_jquery/SCG.json
Analyzing module /mnt/disk2/liwei/01-code/MissCG/anon/todomvc-master/examples/knockback/js/collections/todos.js (1)
Analyzing module /mnt/disk2/liwei/01-code/MissCG/anon/todomvc-master/examples/knockback/js/models/todo.js (2)
Analyzing module /mnt/disk2/liwei/01-code/MissCG/anon/todomvc-master/examples/knockback/js/viewmodels/app.js (3)
Analyzing module /mnt/disk2/liwei/01-code/MissCG/anon/todomvc-master/examples/knockback/js/viewmodels/todo.js (4)
Analyzing module /mnt/disk2/liwei/01-code/MissCG/anon/todomvc-master/examples/knockback/node_modules/backbone/backbone.js (5)
/mnt/disk2/liwei/01-code/jelly/lib/analysis/operations.js:366
        if (module_1.default.isBuiltin(str)) {
                             ^

TypeError: module_1.default.isBuiltin is not a function
    at Operations.requireModule (/mnt/disk2/liwei/01-code/jelly/lib/analysis/operations.js:366:30)
    at Operations.callFunctionBound (/mnt/disk2/liwei/01-code/jelly/lib/analysis/operations.js:156:26)
    at handleCall (/mnt/disk2/liwei/01-code/jelly/lib/analysis/operations.js:81:18)
    at /mnt/disk2/liwei/01-code/jelly/lib/analysis/operations.js:83:115
    at Solver.propagate (/mnt/disk2/liwei/01-code/jelly/lib/analysis/solver.js:676:21)
    at processTicksAndRejections (node:internal/process/task_queues:96:5)
    at async analyzeFiles (/mnt/disk2/liwei/01-code/jelly/lib/analysis/analyzer.js:131:21)
    at async Command.main (/mnt/disk2/liwei/01-code/jelly/lib/main.js:299:13)

Node.js v17.3.0
Analyzing module /mnt/disk2/liwei/01-code/MissCG/anon/todomvc-master/examples/knockoutjs/js/app.js (1)
Analyzing module /mnt/disk2/liwei/01-code/MissCG/anon/todomvc-master/examples/knockoutjs/node_modules/director/build/director.js (2)
Analyzing module /mnt/disk2/liwei/01-code/MissCG/anon/todomvc-master/examples/knockoutjs/node_modules/knockout/build/output/knockout-latest.js (3)
Analyzing module /mnt/disk2/liwei/01-code/MissCG/anon/todomvc-master/examples/knockoutjs/node_modules/todomvc-common/base.js (4)
Analyzing combined modules
Analyzed packages: 1, modules: 4, functions: 586, code size main: 309KB, dependencies: 0KB
Call edges function->function: 1098, call->function: 1374
Calls with zero or one callee: 796/1666 (47.78%), multiple: 249/1666 (14.95%), native or external: 621/1666 (37.27%)
Functions with zero callers: 113/586 (19.28%), reachable functions: 369/586 (62.97%)
Analysis time: 1266ms, memory usage: 153MB (without --gc)
Analysis errors: 0, warnings: 113 (show all with --warnings-unsupported)
Call graph written to /mnt/disk2/liwei/01-code/MissCG/anon/jelly/todo_knockoutjs/SCG.json
Analyzing module /mnt/disk2/liwei/01-code/MissCG/anon/todomvc-master/examples/mithril/js/app.js (1)
Analyzing module /mnt/disk2/liwei/01-code/MissCG/anon/todomvc-master/examples/mithril/js/controllers/todo.js (2)
Analyzing module /mnt/disk2/liwei/01-code/MissCG/anon/todomvc-master/examples/mithril/js/models/storage.js (3)
Analyzing module /mnt/disk2/liwei/01-code/MissCG/anon/todomvc-master/examples/mithril/js/models/todo.js (4)
Analyzing module /mnt/disk2/liwei/01-code/MissCG/anon/todomvc-master/examples/mithril/js/views/footer-view.js (5)
Analyzing module /mnt/disk2/liwei/01-code/MissCG/anon/todomvc-master/examples/mithril/js/views/main-view.js (6)
Analyzing module /mnt/disk2/liwei/01-code/MissCG/anon/todomvc-master/examples/mithril/node_modules/mithril/mithril.js (7)
Analyzing module /mnt/disk2/liwei/01-code/MissCG/anon/todomvc-master/examples/mithril/node_modules/todomvc-common/base.js (8)
Analyzing combined modules
Analyzed packages: 1, modules: 8, functions: 136, code size main: 58KB, dependencies: 0KB
Call edges function->function: 151, call->function: 185
Calls with zero or one callee: 269/520 (51.73%), multiple: 12/520 (2.31%), native or external: 239/520 (45.96%)
Functions with zero callers: 48/136 (35.29%), reachable functions: 33/136 (24.26%)
Analysis time: 515ms, memory usage: 73MB (without --gc)
Analysis errors: 0, warnings: 74 (show all with --warnings-unsupported)
Call graph written to /mnt/disk2/liwei/01-code/MissCG/anon/jelly/todo_mithril/SCG.json
Analyzing module /mnt/disk2/liwei/01-code/MissCG/anon/todomvc-master/examples/react/js/app.js (1)
Analyzing module /mnt/disk2/liwei/01-code/MissCG/anon/todomvc-master/examples/react/js/app.jsx (2)
Analyzing module /mnt/disk2/liwei/01-code/MissCG/anon/todomvc-master/examples/react/js/footer.js (3)
Analyzing module /mnt/disk2/liwei/01-code/MissCG/anon/todomvc-master/examples/react/js/footer.jsx (4)
Analyzing module /mnt/disk2/liwei/01-code/MissCG/anon/todomvc-master/examples/react/js/todoItem.js (5)
Analyzing module /mnt/disk2/liwei/01-code/MissCG/anon/todomvc-master/examples/react/js/todoItem.jsx (6)
Analyzing module /mnt/disk2/liwei/01-code/MissCG/anon/todomvc-master/examples/react/js/todoModel.js (7)
Analyzing module /mnt/disk2/liwei/01-code/MissCG/anon/todomvc-master/examples/react/js/utils.js (8)
Analyzing module /mnt/disk2/liwei/01-code/MissCG/anon/todomvc-master/examples/react/node_modules/classnames/index.js (9)
Analyzing module /mnt/disk2/liwei/01-code/MissCG/anon/todomvc-master/examples/react/node_modules/director/build/director.js (10)
Analyzing module /mnt/disk2/liwei/01-code/MissCG/anon/todomvc-master/examples/react/node_modules/react/dist/JSXTransformer.js (11)
Analyzing module /mnt/disk2/liwei/01-code/MissCG/anon/todomvc-master/examples/react/node_modules/react/dist/react-with-addons.js (12)
Analyzing module /mnt/disk2/liwei/01-code/MissCG/anon/todomvc-master/examples/react/node_modules/todomvc-common/base.js (13)
Analyzing combined modules
Analyzed packages: 1, modules: 13, functions: 1904, code size main: 1177KB, dependencies: 0KB
Call edges function->function: 1940, call->function: 2629
Calls with zero or one callee: 3284/6513 (50.42%), multiple: 42/6513 (0.64%), native or external: 3187/6513 (48.93%)
Functions with zero callers: 1055/1904 (55.41%), reachable functions: 29/1904 (1.52%)
Analysis time: 4209ms, memory usage: 377MB (without --gc)
Analysis errors: 0, warnings: 306 (show all with --warnings-unsupported)
Call graph written to /mnt/disk2/liwei/01-code/MissCG/anon/jelly/todo_react/SCG.json
Analyzing module /mnt/disk2/liwei/01-code/MissCG/anon/todomvc-master/examples/vanillajs/js/app.js (1)
Analyzing module /mnt/disk2/liwei/01-code/MissCG/anon/todomvc-master/examples/vanillajs/js/controller.js (2)
Analyzing module /mnt/disk2/liwei/01-code/MissCG/anon/todomvc-master/examples/vanillajs/js/helpers.js (3)
Analyzing module /mnt/disk2/liwei/01-code/MissCG/anon/todomvc-master/examples/vanillajs/js/model.js (4)
Analyzing module /mnt/disk2/liwei/01-code/MissCG/anon/todomvc-master/examples/vanillajs/js/store.js (5)
Analyzing module /mnt/disk2/liwei/01-code/MissCG/anon/todomvc-master/examples/vanillajs/js/template.js (6)
Analyzing module /mnt/disk2/liwei/01-code/MissCG/anon/todomvc-master/examples/vanillajs/js/view.js (7)
Analyzing module /mnt/disk2/liwei/01-code/MissCG/anon/todomvc-master/examples/vanillajs/node_modules/todomvc-common/base.js (8)
Analyzing module /mnt/disk2/liwei/01-code/MissCG/anon/todomvc-master/examples/vanillajs/test/ControllerSpec.js (9)
Analyzing combined modules
Analyzed packages: 1, modules: 9, functions: 182, code size main: 42KB, dependencies: 0KB
Call edges function->function: 174, call->function: 177
Calls with zero or one callee: 244/482 (50.62%), multiple: 0/482 (0.00%), native or external: 238/482 (49.38%)
Functions with zero callers: 64/182 (35.16%), reachable functions: 65/182 (35.71%)
Analysis time: 393ms, memory usage: 59MB (without --gc)
Analysis errors: 0, warnings: 5 (show all with --warnings-unsupported)
Call graph written to /mnt/disk2/liwei/01-code/MissCG/anon/jelly/todo_vanillajs/SCG.json
Analyzing module /mnt/disk2/liwei/01-code/MissCG/anon/todomvc-master/examples/vue/js/app.js (1)
Analyzing module /mnt/disk2/liwei/01-code/MissCG/anon/todomvc-master/examples/vue/js/routes.js (2)
Analyzing module /mnt/disk2/liwei/01-code/MissCG/anon/todomvc-master/examples/vue/js/store.js (3)
Analyzing module /mnt/disk2/liwei/01-code/MissCG/anon/todomvc-master/examples/vue/node_modules/director/build/director.js (4)
Analyzing module /mnt/disk2/liwei/01-code/MissCG/anon/todomvc-master/examples/vue/node_modules/todomvc-common/base.js (5)
Analyzing module /mnt/disk2/liwei/01-code/MissCG/anon/todomvc-master/examples/vue/node_modules/vue/dist/vue.js (6)
Analyzing combined modules
Analyzed packages: 1, modules: 6, functions: 623, code size main: 248KB, dependencies: 0KB
Call edges function->function: 1034, call->function: 1316
Calls with zero or one callee: 1043/1892 (55.13%), multiple: 157/1892 (8.30%), native or external: 692/1892 (36.58%)
Functions with zero callers: 136/623 (21.83%), reachable functions: 325/623 (52.17%)
Analysis time: 1284ms, memory usage: 162MB (without --gc)
Analysis errors: 0, warnings: 166 (show all with --warnings-unsupported)
Call graph written to /mnt/disk2/liwei/01-code/MissCG/anon/jelly/todo_vue/SCG.json
脚本执行完毕！
